Read Time:           153.92015
Build Time:          14.76054
Graph has 61578415 nodes and 1468364884 directed edges for degree: 23
Trial Time:          7.08048
Trial Time:          7.09100
Trial Time:          7.08927
Trial Time:          7.08762
Trial Time:          7.10123
Trial Time:          7.12818
Trial Time:          7.06768
Trial Time:          7.07158
Trial Time:          7.07839
Trial Time:          7.08365
Trial Time:          7.08190
Trial Time:          7.08930
Trial Time:          7.07875
Trial Time:          7.08150
Trial Time:          7.07869
Trial Time:          7.09174
Trial Time:          7.13645
Trial Time:          7.09110
Trial Time:          7.09152
Trial Time:          7.07895
Average Time:        7.08895
pid: 2029337
execution time 320.04 (s)
